[2022/01/22 20:10:17.462] - Starting server with initial configuration: {"gasLimit":6721975,"gasPrice":20000000000,"hardfork":"muirGlacier","hostname":"127.0.0.1","port":7545,"network_id":5777,"default_balance_ether":100,"total_accounts":10,"unlocked_accounts":[],"locked":false,"vmErrorsOnRPCResponse":true,"verbose":true,"db_path":"C:\\Users\\tanyamt\\AppData\\Roaming\\Ganache\\workspaces\\cloistered-growth\\chaindata","logDirectory":"D:\\PRACTICE\\web3\\MetaCoin"}
[2022/01/22 20:10:17.570] - eth_subscribe
[2022/01/22 20:10:17.572] -    > {
   >   "jsonrpc": "2.0",
   >   "id": 119,
   >   "method": "eth_subscribe",
   >   "params": [
   >     "newHeads"
   >   ]
   > }
[2022/01/22 20:10:17.573] - eth_getLogs
[2022/01/22 20:10:17.575] -    > {
   >   "jsonrpc": "2.0",
   >   "id": 120,
   >   "method": "eth_getLogs",
   >   "params": [
   >     {
   >       "topics": []
   >     }
   >   ]
   > }
[2022/01/22 20:10:17.576] - eth_subscribe
[2022/01/22 20:10:17.576] -    > {
   >   "jsonrpc": "2.0",
   >   "id": 121,
   >   "method": "eth_subscribe",
   >   "params": [
   >     "logs",
   >     {
   >       "topics": []
   >     }
   >   ]
   > }
[2022/01/22 20:10:17.578] -  <   {
 <     "id": 119,
 <     "jsonrpc": "2.0",
 <     "result": "0x1"
 <   }
[2022/01/22 20:10:17.591] -  <   {
 <     "id": 120,
 <     "jsonrpc": "2.0",
 <     "result": []
 <   }
[2022/01/22 20:10:17.600] -  <   {
 <     "id": 121,
 <     "jsonrpc": "2.0",
 <     "result": "0x2"
 <   }
[2022/01/22 20:10:17.680] - eth_subscribe
[2022/01/22 20:10:17.681] -    > {
   >   "jsonrpc": "2.0",
   >   "id": 122,
   >   "method": "eth_subscribe",
   >   "params": [
   >     "newHeads"
   >   ]
   > }
[2022/01/22 20:10:17.682] - eth_getLogs
[2022/01/22 20:10:17.682] -    > {
   >   "jsonrpc": "2.0",
   >   "id": 123,
   >   "method": "eth_getLogs",
   >   "params": [
   >     {
   >       "topics": []
   >     }
   >   ]
   > }
[2022/01/22 20:10:17.683] - eth_subscribe
[2022/01/22 20:10:17.684] -    > {
   >   "jsonrpc": "2.0",
   >   "id": 124,
   >   "method": "eth_subscribe",
   >   "params": [
   >     "logs",
   >     {
   >       "topics": []
   >     }
   >   ]
   > }
[2022/01/22 20:10:17.684] -  <   {
 <     "id": 122,
 <     "jsonrpc": "2.0",
 <     "result": "0x3"
 <   }
[2022/01/22 20:10:17.686] -  <   {
 <     "id": 123,
 <     "jsonrpc": "2.0",
 <     "result": []
 <   }
[2022/01/22 20:10:17.690] -  <   {
 <     "id": 124,
 <     "jsonrpc": "2.0",
 <     "result": "0x4"
 <   }
[2022/01/22 20:10:17.886] - eth_blockNumber
[2022/01/22 20:10:17.887] -    > {
   >   "jsonrpc": "2.0",
   >   "id": 1572,
   >   "method": "eth_blockNumber",
   >   "params": [],
   >   "internal": true
   > }
[2022/01/22 20:10:17.888] - eth_accounts
[2022/01/22 20:10:17.888] -    > {
   >   "jsonrpc": "2.0",
   >   "id": 1573,
   >   "method": "eth_accounts",
   >   "params": [],
   >   "internal": true
   > }
[2022/01/22 20:10:17.889] - eth_blockNumber
[2022/01/22 20:10:17.890] -    > {
   >   "jsonrpc": "2.0",
   >   "id": 1567,
   >   "method": "eth_blockNumber",
   >   "params": [],
   >   "internal": true
   > }
[2022/01/22 20:10:17.891] - eth_gasPrice
[2022/01/22 20:10:17.892] -    > {
   >   "jsonrpc": "2.0",
   >   "id": 1574,
   >   "method": "eth_gasPrice",
   >   "params": [],
   >   "internal": true
   > }
[2022/01/22 20:10:17.892] - eth_accounts
[2022/01/22 20:10:17.894] -    > {
   >   "jsonrpc": "2.0",
   >   "id": 1568,
   >   "method": "eth_accounts",
   >   "params": [],
   >   "internal": true
   > }
[2022/01/22 20:10:17.894] -  <   {
 <     "id": 1572,
 <     "jsonrpc": "2.0",
 <     "result": "0x0"
 <   }
[2022/01/22 20:10:17.897] - eth_getBlockByNumber
[2022/01/22 20:10:17.898] -    > {
   >   "jsonrpc": "2.0",
   >   "id": 1575,
   >   "method": "eth_getBlockByNumber",
   >   "params": [
   >     "latest",
   >     false
   >   ],
   >   "internal": true
   > }
[2022/01/22 20:10:17.898] - eth_gasPrice
[2022/01/22 20:10:17.899] -    > {
   >   "jsonrpc": "2.0",
   >   "id": 1569,
   >   "method": "eth_gasPrice",
   >   "params": [],
   >   "internal": true
   > }
[2022/01/22 20:10:17.899] -  <   {
 <     "id": 1573,
 <     "jsonrpc": "2.0",
 <     "result": [
 <       "0x06b3eab7e4c81935eca292f0c7d0c163cab3187a",
 <       "0x1c05e3276991a0016a58c00bb5acfb16dd9e5d02",
 <       "0xfa99576cbcbe8cf3aebefbc36bffe2122fea1d6d",
 <       "0x09bde2f09a5eb45b10bfb366aecd089f3842b97a",
 <       "0xe28ab1d9741e20fd078b6a522f755f89adc03b4d",
 <       "0x5b48e6eea443f64d1beb0ae4ef150902a888aac4",
 <       "0x523821ce38eb6b5c7d3f24acd234c4d81674d25d",
 <       "0xb9bca7a4f07103436f2fdcb0ff9c0dd8e4f4fc37",
 <       "0x762a3dea4a00002eba220e2e6da39a195e19fb3b",
 <       "0xd89e8e91b0556fc482757da1cd4061aa88ee61d6"
 <     ]
 <   }
[2022/01/22 20:10:17.900] - eth_subscribe
[2022/01/22 20:10:17.900] -    > {
   >   "jsonrpc": "2.0",
   >   "id": 1576,
   >   "method": "eth_subscribe",
   >   "params": [
   >     "newHeads"
   >   ],
   >   "internal": true
   > }
[2022/01/22 20:10:17.901] - eth_getBlockByNumber
[2022/01/22 20:10:17.901] -    > {
   >   "jsonrpc": "2.0",
   >   "id": 1570,
   >   "method": "eth_getBlockByNumber",
   >   "params": [
   >     "latest",
   >     false
   >   ],
   >   "internal": true
   > }
[2022/01/22 20:10:17.902] - eth_subscribe
[2022/01/22 20:10:17.902] -    > {
   >   "jsonrpc": "2.0",
   >   "id": 1571,
   >   "method": "eth_subscribe",
   >   "params": [
   >     "newHeads"
   >   ],
   >   "internal": true
   > }
[2022/01/22 20:10:17.903] -  <   {
 <     "id": 1567,
 <     "jsonrpc": "2.0",
 <     "result": "0x0"
 <   }
[2022/01/22 20:10:17.914] -  <   {
 <     "id": 1574,
 <     "jsonrpc": "2.0",
 <     "result": "0x4a817c800"
 <   }
[2022/01/22 20:10:17.916] -  <   {
 <     "id": 1568,
 <     "jsonrpc": "2.0",
 <     "result": [
 <       "0x06b3eab7e4c81935eca292f0c7d0c163cab3187a",
 <       "0x1c05e3276991a0016a58c00bb5acfb16dd9e5d02",
 <       "0xfa99576cbcbe8cf3aebefbc36bffe2122fea1d6d",
 <       "0x09bde2f09a5eb45b10bfb366aecd089f3842b97a",
 <       "0xe28ab1d9741e20fd078b6a522f755f89adc03b4d",
 <       "0x5b48e6eea443f64d1beb0ae4ef150902a888aac4",
 <       "0x523821ce38eb6b5c7d3f24acd234c4d81674d25d",
 <       "0xb9bca7a4f07103436f2fdcb0ff9c0dd8e4f4fc37",
 <       "0x762a3dea4a00002eba220e2e6da39a195e19fb3b",
 <       "0xd89e8e91b0556fc482757da1cd4061aa88ee61d6"
 <     ]
 <   }
[2022/01/22 20:10:17.917] - eth_accounts
[2022/01/22 20:10:17.918] -    > {
   >   "jsonrpc": "2.0",
   >   "id": 1577,
   >   "method": "eth_accounts",
   >   "params": [],
   >   "internal": true
   > }
[2022/01/22 20:10:17.931] -  <   {
 <     "id": 1575,
 <     "jsonrpc": "2.0",
 <     "result": {
 <       "number": "0x0",
 <       "hash": "0x8f3eb8cd052b757ddf4be45257b9d76e1475d4ba6035c7d4d3272d3d3834cbae",
 <       "parentHash": "0x0000000000000000000000000000000000000000000000000000000000000000",
 <       "mixHash": "0x0000000000000000000000000000000000000000000000000000000000000000",
 <       "nonce": "0x0000000000000000",
 <       "sha3Uncles": "0x1dcc4de8dec75d7aab85b567b6ccd41ad312451b948a7413f0a142fd40d49347",
 <       "logsBloom": "0x00000000000000000000000000000000000000000000000000000000000000000000000000000000000000000000000000000000000000000000000000000000000000000000000000000000000000000000000000000000000000000000000000000000000000000000000000000000000000000000000000000000000000000000000000000000000000000000000000000000000000000000000000000000000000000000000000000000000000000000000000000000000000000000000000000000000000000000000000000000000000000000000000000000000000000000000000000000000000000000000000000000000000000000000000000000",
 <       "transactionsRoot": "0x56e81f171bcc55a6ff8345e692c0f86e5b48e01b996cadc001622fb5e363b421",
 <       "stateRoot": "0xfd547eff3150ba1cd3fc0230e56c619a3e639117ab04ea09fe80e2b9d501728f",
 <       "receiptsRoot": "0x56e81f171bcc55a6ff8345e692c0f86e5b48e01b996cadc001622fb5e363b421",
 <       "miner": "0x0000000000000000000000000000000000000000",
 <       "difficulty": "0x0",
 <       "totalDifficulty": "0x0",
 <       "extraData": "0x",
 <       "size": "0x3e8",
 <       "gasLimit": "0x6691b7",
 <       "gasUsed": "0x0",
 <       "timestamp": "0x61ec4854",
 <       "transactions": [],
 <       "uncles": []
 <     }
 <   }
[2022/01/22 20:10:17.946] -  <   {
 <     "id": 1569,
 <     "jsonrpc": "2.0",
 <     "result": "0x4a817c800"
 <   }
[2022/01/22 20:10:17.962] -  <   {
 <     "id": 1576,
 <     "jsonrpc": "2.0",
 <     "result": "0x5"
 <   }
[2022/01/22 20:10:17.966] -  <   {
 <     "id": 1570,
 <     "jsonrpc": "2.0",
 <     "result": {
 <       "number": "0x0",
 <       "hash": "0x8f3eb8cd052b757ddf4be45257b9d76e1475d4ba6035c7d4d3272d3d3834cbae",
 <       "parentHash": "0x0000000000000000000000000000000000000000000000000000000000000000",
 <       "mixHash": "0x0000000000000000000000000000000000000000000000000000000000000000",
 <       "nonce": "0x0000000000000000",
 <       "sha3Uncles": "0x1dcc4de8dec75d7aab85b567b6ccd41ad312451b948a7413f0a142fd40d49347",
 <       "logsBloom": "0x00000000000000000000000000000000000000000000000000000000000000000000000000000000000000000000000000000000000000000000000000000000000000000000000000000000000000000000000000000000000000000000000000000000000000000000000000000000000000000000000000000000000000000000000000000000000000000000000000000000000000000000000000000000000000000000000000000000000000000000000000000000000000000000000000000000000000000000000000000000000000000000000000000000000000000000000000000000000000000000000000000000000000000000000000000000",
 <       "transactionsRoot": "0x56e81f171bcc55a6ff8345e692c0f86e5b48e01b996cadc001622fb5e363b421",
 <       "stateRoot": "0xfd547eff3150ba1cd3fc0230e56c619a3e639117ab04ea09fe80e2b9d501728f",
 <       "receiptsRoot": "0x56e81f171bcc55a6ff8345e692c0f86e5b48e01b996cadc001622fb5e363b421",
 <       "miner": "0x0000000000000000000000000000000000000000",
 <       "difficulty": "0x0",
 <       "totalDifficulty": "0x0",
 <       "extraData": "0x",
 <       "size": "0x3e8",
 <       "gasLimit": "0x6691b7",
 <       "gasUsed": "0x0",
 <       "timestamp": "0x61ec4854",
 <       "transactions": [],
 <       "uncles": []
 <     }
 <   }
[2022/01/22 20:10:17.966] - eth_getBalance
[2022/01/22 20:10:17.967] -    > {
   >   "jsonrpc": "2.0",
   >   "id": 1578,
   >   "method": "eth_getBalance",
   >   "params": [
   >     "0x06b3eab7e4c81935eca292f0c7d0c163cab3187a",
   >     "latest"
   >   ],
   >   "internal": true
   > }
[2022/01/22 20:10:17.972] -  <   {
 <     "id": 1571,
 <     "jsonrpc": "2.0",
 <     "result": "0x6"
 <   }
[2022/01/22 20:10:17.973] - eth_getTransactionCount
[2022/01/22 20:10:17.974] -    > {
   >   "jsonrpc": "2.0",
   >   "id": 1579,
   >   "method": "eth_getTransactionCount",
   >   "params": [
   >     "0x06b3eab7e4c81935eca292f0c7d0c163cab3187a",
   >     "latest"
   >   ],
   >   "internal": true
   > }
[2022/01/22 20:10:17.978] -  <   {
 <     "id": 1577,
 <     "jsonrpc": "2.0",
 <     "result": [
 <       "0x06b3eab7e4c81935eca292f0c7d0c163cab3187a",
 <       "0x1c05e3276991a0016a58c00bb5acfb16dd9e5d02",
 <       "0xfa99576cbcbe8cf3aebefbc36bffe2122fea1d6d",
 <       "0x09bde2f09a5eb45b10bfb366aecd089f3842b97a",
 <       "0xe28ab1d9741e20fd078b6a522f755f89adc03b4d",
 <       "0x5b48e6eea443f64d1beb0ae4ef150902a888aac4",
 <       "0x523821ce38eb6b5c7d3f24acd234c4d81674d25d",
 <       "0xb9bca7a4f07103436f2fdcb0ff9c0dd8e4f4fc37",
 <       "0x762a3dea4a00002eba220e2e6da39a195e19fb3b",
 <       "0xd89e8e91b0556fc482757da1cd4061aa88ee61d6"
 <     ]
 <   }
[2022/01/22 20:10:17.982] - eth_getBalance
[2022/01/22 20:10:17.982] -    > {
   >   "jsonrpc": "2.0",
   >   "id": 1580,
   >   "method": "eth_getBalance",
   >   "params": [
   >     "0x1c05e3276991a0016a58c00bb5acfb16dd9e5d02",
   >     "latest"
   >   ],
   >   "internal": true
   > }
[2022/01/22 20:10:17.983] -  <   {
 <     "id": 1578,
 <     "jsonrpc": "2.0",
 <     "result": "0x56bc75e2d63100000"
 <   }
[2022/01/22 20:10:17.992] -  <   {
 <     "id": 1579,
 <     "jsonrpc": "2.0",
 <     "result": "0x0"
 <   }
[2022/01/22 20:10:17.993] - eth_getTransactionCount
[2022/01/22 20:10:17.994] -    > {
   >   "jsonrpc": "2.0",
   >   "id": 1581,
   >   "method": "eth_getTransactionCount",
   >   "params": [
   >     "0x1c05e3276991a0016a58c00bb5acfb16dd9e5d02",
   >     "latest"
   >   ],
   >   "internal": true
   > }
[2022/01/22 20:10:18.000] - eth_getBalance
[2022/01/22 20:10:18.000] -    > {
   >   "jsonrpc": "2.0",
   >   "id": 1582,
   >   "method": "eth_getBalance",
   >   "params": [
   >     "0xfa99576cbcbe8cf3aebefbc36bffe2122fea1d6d",
   >     "latest"
   >   ],
   >   "internal": true
   > }
[2022/01/22 20:10:18.001] -  <   {
 <     "id": 1580,
 <     "jsonrpc": "2.0",
 <     "result": "0x56bc75e2d63100000"
 <   }
[2022/01/22 20:10:18.007] -  <   {
 <     "id": 1581,
 <     "jsonrpc": "2.0",
 <     "result": "0x0"
 <   }
[2022/01/22 20:10:18.008] - eth_getTransactionCount
[2022/01/22 20:10:18.008] -    > {
   >   "jsonrpc": "2.0",
   >   "id": 1583,
   >   "method": "eth_getTransactionCount",
   >   "params": [
   >     "0xfa99576cbcbe8cf3aebefbc36bffe2122fea1d6d",
   >     "latest"
   >   ],
   >   "internal": true
   > }
[2022/01/22 20:10:18.011] -  <   {
 <     "id": 1582,
 <     "jsonrpc": "2.0",
 <     "result": "0x56bc75e2d63100000"
 <   }
[2022/01/22 20:10:18.015] -  <   {
 <     "id": 1583,
 <     "jsonrpc": "2.0",
 <     "result": "0x0"
 <   }
[2022/01/22 20:10:18.016] - eth_getBalance
[2022/01/22 20:10:18.016] -    > {
   >   "jsonrpc": "2.0",
   >   "id": 1584,
   >   "method": "eth_getBalance",
   >   "params": [
   >     "0x09bde2f09a5eb45b10bfb366aecd089f3842b97a",
   >     "latest"
   >   ],
   >   "internal": true
   > }
[2022/01/22 20:10:18.023] - eth_getTransactionCount
[2022/01/22 20:10:18.023] -    > {
   >   "jsonrpc": "2.0",
   >   "id": 1585,
   >   "method": "eth_getTransactionCount",
   >   "params": [
   >     "0x09bde2f09a5eb45b10bfb366aecd089f3842b97a",
   >     "latest"
   >   ],
   >   "internal": true
   > }
[2022/01/22 20:10:18.025] -  <   {
 <     "id": 1584,
 <     "jsonrpc": "2.0",
 <     "result": "0x56bc75e2d63100000"
 <   }
[2022/01/22 20:10:18.030] -  <   {
 <     "id": 1585,
 <     "jsonrpc": "2.0",
 <     "result": "0x0"
 <   }
[2022/01/22 20:10:18.030] - eth_getBalance
[2022/01/22 20:10:18.031] -    > {
   >   "jsonrpc": "2.0",
   >   "id": 1586,
   >   "method": "eth_getBalance",
   >   "params": [
   >     "0xe28ab1d9741e20fd078b6a522f755f89adc03b4d",
   >     "latest"
   >   ],
   >   "internal": true
   > }
[2022/01/22 20:10:18.035] - eth_getTransactionCount
[2022/01/22 20:10:18.036] -    > {
   >   "jsonrpc": "2.0",
   >   "id": 1587,
   >   "method": "eth_getTransactionCount",
   >   "params": [
   >     "0xe28ab1d9741e20fd078b6a522f755f89adc03b4d",
   >     "latest"
   >   ],
   >   "internal": true
   > }
[2022/01/22 20:10:18.037] -  <   {
 <     "id": 1586,
 <     "jsonrpc": "2.0",
 <     "result": "0x56bc75e2d63100000"
 <   }
[2022/01/22 20:10:18.043] -  <   {
 <     "id": 1587,
 <     "jsonrpc": "2.0",
 <     "result": "0x0"
 <   }
[2022/01/22 20:10:18.043] - eth_getBalance
[2022/01/22 20:10:18.044] -    > {
   >   "jsonrpc": "2.0",
   >   "id": 1588,
   >   "method": "eth_getBalance",
   >   "params": [
   >     "0x5b48e6eea443f64d1beb0ae4ef150902a888aac4",
   >     "latest"
   >   ],
   >   "internal": true
   > }
[2022/01/22 20:10:18.062] - eth_getTransactionCount
[2022/01/22 20:10:18.062] -    > {
   >   "jsonrpc": "2.0",
   >   "id": 1589,
   >   "method": "eth_getTransactionCount",
   >   "params": [
   >     "0x5b48e6eea443f64d1beb0ae4ef150902a888aac4",
   >     "latest"
   >   ],
   >   "internal": true
   > }
[2022/01/22 20:10:18.063] - eth_getBalance
[2022/01/22 20:10:18.063] -    > {
   >   "jsonrpc": "2.0",
   >   "id": 1590,
   >   "method": "eth_getBalance",
   >   "params": [
   >     "0x523821ce38eb6b5c7d3f24acd234c4d81674d25d",
   >     "latest"
   >   ],
   >   "internal": true
   > }
[2022/01/22 20:10:18.065] -  <   {
 <     "id": 1588,
 <     "jsonrpc": "2.0",
 <     "result": "0x56bc75e2d63100000"
 <   }
[2022/01/22 20:10:18.067] -  <   {
 <     "id": 1589,
 <     "jsonrpc": "2.0",
 <     "result": "0x0"
 <   }
[2022/01/22 20:10:18.073] - eth_getTransactionCount
[2022/01/22 20:10:18.073] -    > {
   >   "jsonrpc": "2.0",
   >   "id": 1591,
   >   "method": "eth_getTransactionCount",
   >   "params": [
   >     "0x523821ce38eb6b5c7d3f24acd234c4d81674d25d",
   >     "latest"
   >   ],
   >   "internal": true
   > }
[2022/01/22 20:10:18.074] -  <   {
 <     "id": 1590,
 <     "jsonrpc": "2.0",
 <     "result": "0x56bc75e2d63100000"
 <   }
[2022/01/22 20:10:18.081] -  <   {
 <     "id": 1591,
 <     "jsonrpc": "2.0",
 <     "result": "0x0"
 <   }
[2022/01/22 20:10:18.082] - eth_getBalance
[2022/01/22 20:10:18.083] -    > {
   >   "jsonrpc": "2.0",
   >   "id": 1592,
   >   "method": "eth_getBalance",
   >   "params": [
   >     "0xb9bca7a4f07103436f2fdcb0ff9c0dd8e4f4fc37",
   >     "latest"
   >   ],
   >   "internal": true
   > }
[2022/01/22 20:10:18.088] - eth_getTransactionCount
[2022/01/22 20:10:18.088] -    > {
   >   "jsonrpc": "2.0",
   >   "id": 1593,
   >   "method": "eth_getTransactionCount",
   >   "params": [
   >     "0xb9bca7a4f07103436f2fdcb0ff9c0dd8e4f4fc37",
   >     "latest"
   >   ],
   >   "internal": true
   > }
[2022/01/22 20:10:18.089] -  <   {
 <     "id": 1592,
 <     "jsonrpc": "2.0",
 <     "result": "0x56bc75e2d63100000"
 <   }
[2022/01/22 20:10:18.096] -  <   {
 <     "id": 1593,
 <     "jsonrpc": "2.0",
 <     "result": "0x0"
 <   }
[2022/01/22 20:10:18.097] - eth_getBalance
[2022/01/22 20:10:18.097] -    > {
   >   "jsonrpc": "2.0",
   >   "id": 1594,
   >   "method": "eth_getBalance",
   >   "params": [
   >     "0x762a3dea4a00002eba220e2e6da39a195e19fb3b",
   >     "latest"
   >   ],
   >   "internal": true
   > }
[2022/01/22 20:10:18.103] - eth_getTransactionCount
[2022/01/22 20:10:18.105] -    > {
   >   "jsonrpc": "2.0",
   >   "id": 1595,
   >   "method": "eth_getTransactionCount",
   >   "params": [
   >     "0x762a3dea4a00002eba220e2e6da39a195e19fb3b",
   >     "latest"
   >   ],
   >   "internal": true
   > }
[2022/01/22 20:10:18.106] -  <   {
 <     "id": 1594,
 <     "jsonrpc": "2.0",
 <     "result": "0x56bc75e2d63100000"
 <   }
[2022/01/22 20:10:18.111] -  <   {
 <     "id": 1595,
 <     "jsonrpc": "2.0",
 <     "result": "0x0"
 <   }
[2022/01/22 20:10:18.111] - eth_getBalance
[2022/01/22 20:10:18.112] -    > {
   >   "jsonrpc": "2.0",
   >   "id": 1596,
   >   "method": "eth_getBalance",
   >   "params": [
   >     "0xd89e8e91b0556fc482757da1cd4061aa88ee61d6",
   >     "latest"
   >   ],
   >   "internal": true
   > }
[2022/01/22 20:10:18.118] - eth_getTransactionCount
[2022/01/22 20:10:18.119] -    > {
   >   "jsonrpc": "2.0",
   >   "id": 1597,
   >   "method": "eth_getTransactionCount",
   >   "params": [
   >     "0xd89e8e91b0556fc482757da1cd4061aa88ee61d6",
   >     "latest"
   >   ],
   >   "internal": true
   > }
[2022/01/22 20:10:18.120] -  <   {
 <     "id": 1596,
 <     "jsonrpc": "2.0",
 <     "result": "0x56bc75e2d63100000"
 <   }
[2022/01/22 20:10:18.123] -  <   {
 <     "id": 1597,
 <     "jsonrpc": "2.0",
 <     "result": "0x0"
 <   }
[2022/01/22 20:10:18.137] - eth_getBalance
[2022/01/22 20:10:18.138] -    > {
   >   "jsonrpc": "2.0",
   >   "id": 1599,
   >   "method": "eth_getBalance",
   >   "params": [
   >     "0x06b3eab7e4c81935eca292f0c7d0c163cab3187a",
   >     "latest"
   >   ],
   >   "internal": true
   > }
[2022/01/22 20:10:18.147] -  <   {
 <     "id": 1599,
 <     "jsonrpc": "2.0",
 <     "result": "0x56bc75e2d63100000"
 <   }
[2022/01/22 20:10:18.148] - eth_getTransactionCount
[2022/01/22 20:10:18.148] -    > {
   >   "jsonrpc": "2.0",
   >   "id": 1600,
   >   "method": "eth_getTransactionCount",
   >   "params": [
   >     "0x06b3eab7e4c81935eca292f0c7d0c163cab3187a",
   >     "latest"
   >   ],
   >   "internal": true
   > }
[2022/01/22 20:10:18.154] -  <   {
 <     "id": 1600,
 <     "jsonrpc": "2.0",
 <     "result": "0x0"
 <   }
[2022/01/22 20:10:18.155] - eth_getBalance
[2022/01/22 20:10:18.156] -    > {
   >   "jsonrpc": "2.0",
   >   "id": 1601,
   >   "method": "eth_getBalance",
   >   "params": [
   >     "0x1c05e3276991a0016a58c00bb5acfb16dd9e5d02",
   >     "latest"
   >   ],
   >   "internal": true
   > }
[2022/01/22 20:10:18.163] -  <   {
 <     "id": 1601,
 <     "jsonrpc": "2.0",
 <     "result": "0x56bc75e2d63100000"
 <   }
[2022/01/22 20:10:18.164] - eth_getTransactionCount
[2022/01/22 20:10:18.165] -    > {
   >   "jsonrpc": "2.0",
   >   "id": 1602,
   >   "method": "eth_getTransactionCount",
   >   "params": [
   >     "0x1c05e3276991a0016a58c00bb5acfb16dd9e5d02",
   >     "latest"
   >   ],
   >   "internal": true
   > }
[2022/01/22 20:10:18.178] -  <   {
 <     "id": 1602,
 <     "jsonrpc": "2.0",
 <     "result": "0x0"
 <   }
[2022/01/22 20:10:18.179] - eth_getBalance
[2022/01/22 20:10:18.179] -    > {
   >   "jsonrpc": "2.0",
   >   "id": 1603,
   >   "method": "eth_getBalance",
   >   "params": [
   >     "0xfa99576cbcbe8cf3aebefbc36bffe2122fea1d6d",
   >     "latest"
   >   ],
   >   "internal": true
   > }
[2022/01/22 20:10:18.180] - eth_getTransactionCount
[2022/01/22 20:10:18.181] -    > {
   >   "jsonrpc": "2.0",
   >   "id": 1604,
   >   "method": "eth_getTransactionCount",
   >   "params": [
   >     "0xfa99576cbcbe8cf3aebefbc36bffe2122fea1d6d",
   >     "latest"
   >   ],
   >   "internal": true
   > }
[2022/01/22 20:10:18.182] -  <   {
 <     "id": 1603,
 <     "jsonrpc": "2.0",
 <     "result": "0x56bc75e2d63100000"
 <   }
[2022/01/22 20:10:18.187] -  <   {
 <     "id": 1604,
 <     "jsonrpc": "2.0",
 <     "result": "0x0"
 <   }
[2022/01/22 20:10:18.190] - eth_getBalance
[2022/01/22 20:10:18.191] -    > {
   >   "jsonrpc": "2.0",
   >   "id": 1605,
   >   "method": "eth_getBalance",
   >   "params": [
   >     "0x09bde2f09a5eb45b10bfb366aecd089f3842b97a",
   >     "latest"
   >   ],
   >   "internal": true
   > }
[2022/01/22 20:10:18.199] -  <   {
 <     "id": 1605,
 <     "jsonrpc": "2.0",
 <     "result": "0x56bc75e2d63100000"
 <   }
[2022/01/22 20:10:18.199] - eth_getTransactionCount
[2022/01/22 20:10:18.201] -    > {
   >   "jsonrpc": "2.0",
   >   "id": 1606,
   >   "method": "eth_getTransactionCount",
   >   "params": [
   >     "0x09bde2f09a5eb45b10bfb366aecd089f3842b97a",
   >     "latest"
   >   ],
   >   "internal": true
   > }
[2022/01/22 20:10:18.208] -  <   {
 <     "id": 1606,
 <     "jsonrpc": "2.0",
 <     "result": "0x0"
 <   }
[2022/01/22 20:10:18.209] - eth_getBalance
[2022/01/22 20:10:18.209] -    > {
   >   "jsonrpc": "2.0",
   >   "id": 1607,
   >   "method": "eth_getBalance",
   >   "params": [
   >     "0xe28ab1d9741e20fd078b6a522f755f89adc03b4d",
   >     "latest"
   >   ],
   >   "internal": true
   > }
[2022/01/22 20:10:18.218] -  <   {
 <     "id": 1607,
 <     "jsonrpc": "2.0",
 <     "result": "0x56bc75e2d63100000"
 <   }
[2022/01/22 20:10:18.218] - eth_getTransactionCount
[2022/01/22 20:10:18.219] -    > {
   >   "jsonrpc": "2.0",
   >   "id": 1608,
   >   "method": "eth_getTransactionCount",
   >   "params": [
   >     "0xe28ab1d9741e20fd078b6a522f755f89adc03b4d",
   >     "latest"
   >   ],
   >   "internal": true
   > }
[2022/01/22 20:10:18.235] -  <   {
 <     "id": 1608,
 <     "jsonrpc": "2.0",
 <     "result": "0x0"
 <   }
[2022/01/22 20:10:18.244] - eth_getBalance
[2022/01/22 20:10:18.245] -    > {
   >   "jsonrpc": "2.0",
   >   "id": 1609,
   >   "method": "eth_getBalance",
   >   "params": [
   >     "0x5b48e6eea443f64d1beb0ae4ef150902a888aac4",
   >     "latest"
   >   ],
   >   "internal": true
   > }
[2022/01/22 20:10:18.250] -  <   {
 <     "id": 1609,
 <     "jsonrpc": "2.0",
 <     "result": "0x56bc75e2d63100000"
 <   }
[2022/01/22 20:10:18.252] - eth_getTransactionCount
[2022/01/22 20:10:18.252] -    > {
   >   "jsonrpc": "2.0",
   >   "id": 1610,
   >   "method": "eth_getTransactionCount",
   >   "params": [
   >     "0x5b48e6eea443f64d1beb0ae4ef150902a888aac4",
   >     "latest"
   >   ],
   >   "internal": true
   > }
[2022/01/22 20:10:18.261] -  <   {
 <     "id": 1610,
 <     "jsonrpc": "2.0",
 <     "result": "0x0"
 <   }
[2022/01/22 20:10:18.262] - eth_getBalance
[2022/01/22 20:10:18.262] -    > {
   >   "jsonrpc": "2.0",
   >   "id": 1611,
   >   "method": "eth_getBalance",
   >   "params": [
   >     "0x523821ce38eb6b5c7d3f24acd234c4d81674d25d",
   >     "latest"
   >   ],
   >   "internal": true
   > }
[2022/01/22 20:10:18.269] -  <   {
 <     "id": 1611,
 <     "jsonrpc": "2.0",
 <     "result": "0x56bc75e2d63100000"
 <   }
[2022/01/22 20:10:18.270] - eth_getTransactionCount
[2022/01/22 20:10:18.270] -    > {
   >   "jsonrpc": "2.0",
   >   "id": 1612,
   >   "method": "eth_getTransactionCount",
   >   "params": [
   >     "0x523821ce38eb6b5c7d3f24acd234c4d81674d25d",
   >     "latest"
   >   ],
   >   "internal": true
   > }
[2022/01/22 20:10:18.281] -  <   {
 <     "id": 1612,
 <     "jsonrpc": "2.0",
 <     "result": "0x0"
 <   }
[2022/01/22 20:10:18.282] - eth_getBalance
[2022/01/22 20:10:18.282] -    > {
   >   "jsonrpc": "2.0",
   >   "id": 1613,
   >   "method": "eth_getBalance",
   >   "params": [
   >     "0xb9bca7a4f07103436f2fdcb0ff9c0dd8e4f4fc37",
   >     "latest"
   >   ],
   >   "internal": true
   > }
[2022/01/22 20:10:18.292] -  <   {
 <     "id": 1613,
 <     "jsonrpc": "2.0",
 <     "result": "0x56bc75e2d63100000"
 <   }
[2022/01/22 20:10:18.293] - eth_getTransactionCount
[2022/01/22 20:10:18.293] -    > {
   >   "jsonrpc": "2.0",
   >   "id": 1614,
   >   "method": "eth_getTransactionCount",
   >   "params": [
   >     "0xb9bca7a4f07103436f2fdcb0ff9c0dd8e4f4fc37",
   >     "latest"
   >   ],
   >   "internal": true
   > }
[2022/01/22 20:10:18.296] -  <   {
 <     "id": 1614,
 <     "jsonrpc": "2.0",
 <     "result": "0x0"
 <   }
[2022/01/22 20:10:18.300] - eth_getBalance
[2022/01/22 20:10:18.300] -    > {
   >   "jsonrpc": "2.0",
   >   "id": 1615,
   >   "method": "eth_getBalance",
   >   "params": [
   >     "0x762a3dea4a00002eba220e2e6da39a195e19fb3b",
   >     "latest"
   >   ],
   >   "internal": true
   > }
[2022/01/22 20:10:18.309] -  <   {
 <     "id": 1615,
 <     "jsonrpc": "2.0",
 <     "result": "0x56bc75e2d63100000"
 <   }
[2022/01/22 20:10:18.310] - eth_getTransactionCount
[2022/01/22 20:10:18.311] -    > {
   >   "jsonrpc": "2.0",
   >   "id": 1616,
   >   "method": "eth_getTransactionCount",
   >   "params": [
   >     "0x762a3dea4a00002eba220e2e6da39a195e19fb3b",
   >     "latest"
   >   ],
   >   "internal": true
   > }
[2022/01/22 20:10:18.318] -  <   {
 <     "id": 1616,
 <     "jsonrpc": "2.0",
 <     "result": "0x0"
 <   }
[2022/01/22 20:10:18.319] - eth_getBalance
[2022/01/22 20:10:18.319] -    > {
   >   "jsonrpc": "2.0",
   >   "id": 1617,
   >   "method": "eth_getBalance",
   >   "params": [
   >     "0xd89e8e91b0556fc482757da1cd4061aa88ee61d6",
   >     "latest"
   >   ],
   >   "internal": true
   > }
[2022/01/22 20:10:18.328] -  <   {
 <     "id": 1617,
 <     "jsonrpc": "2.0",
 <     "result": "0x56bc75e2d63100000"
 <   }
[2022/01/22 20:10:18.329] - eth_getTransactionCount
[2022/01/22 20:10:18.329] -    > {
   >   "jsonrpc": "2.0",
   >   "id": 1618,
   >   "method": "eth_getTransactionCount",
   >   "params": [
   >     "0xd89e8e91b0556fc482757da1cd4061aa88ee61d6",
   >     "latest"
   >   ],
   >   "internal": true
   > }
[2022/01/22 20:10:18.334] -  <   {
 <     "id": 1618,
 <     "jsonrpc": "2.0",
 <     "result": "0x0"
 <   }
[2022/01/22 20:10:18.335] - eth_getBalance
[2022/01/22 20:10:18.336] -    > {
   >   "jsonrpc": "2.0",
   >   "id": 1619,
   >   "method": "eth_getBalance",
   >   "params": [
   >     "0x06b3eab7e4c81935eca292f0c7d0c163cab3187a",
   >     "latest"
   >   ],
   >   "internal": true
   > }
[2022/01/22 20:10:18.343] -  <   {
 <     "id": 1619,
 <     "jsonrpc": "2.0",
 <     "result": "0x56bc75e2d63100000"
 <   }
[2022/01/22 20:10:18.344] - eth_getTransactionCount
[2022/01/22 20:10:18.344] -    > {
   >   "jsonrpc": "2.0",
   >   "id": 1620,
   >   "method": "eth_getTransactionCount",
   >   "params": [
   >     "0x06b3eab7e4c81935eca292f0c7d0c163cab3187a",
   >     "latest"
   >   ],
   >   "internal": true
   > }
[2022/01/22 20:10:18.351] -  <   {
 <     "id": 1620,
 <     "jsonrpc": "2.0",
 <     "result": "0x0"
 <   }
[2022/01/22 20:10:18.352] - eth_getBalance
[2022/01/22 20:10:18.353] -    > {
   >   "jsonrpc": "2.0",
   >   "id": 1621,
   >   "method": "eth_getBalance",
   >   "params": [
   >     "0x1c05e3276991a0016a58c00bb5acfb16dd9e5d02",
   >     "latest"
   >   ],
   >   "internal": true
   > }
[2022/01/22 20:10:18.359] -  <   {
 <     "id": 1621,
 <     "jsonrpc": "2.0",
 <     "result": "0x56bc75e2d63100000"
 <   }
[2022/01/22 20:10:18.361] - eth_getTransactionCount
[2022/01/22 20:10:18.361] -    > {
   >   "jsonrpc": "2.0",
   >   "id": 1622,
   >   "method": "eth_getTransactionCount",
   >   "params": [
   >     "0x1c05e3276991a0016a58c00bb5acfb16dd9e5d02",
   >     "latest"
   >   ],
   >   "internal": true
   > }
[2022/01/22 20:10:18.369] -  <   {
 <     "id": 1622,
 <     "jsonrpc": "2.0",
 <     "result": "0x0"
 <   }
[2022/01/22 20:10:18.370] - eth_getBalance
[2022/01/22 20:10:18.371] -    > {
   >   "jsonrpc": "2.0",
   >   "id": 1623,
   >   "method": "eth_getBalance",
   >   "params": [
   >     "0xfa99576cbcbe8cf3aebefbc36bffe2122fea1d6d",
   >     "latest"
   >   ],
   >   "internal": true
   > }
[2022/01/22 20:10:18.375] -  <   {
 <     "id": 1623,
 <     "jsonrpc": "2.0",
 <     "result": "0x56bc75e2d63100000"
 <   }
[2022/01/22 20:10:18.379] - eth_getTransactionCount
[2022/01/22 20:10:18.379] -    > {
   >   "jsonrpc": "2.0",
   >   "id": 1624,
   >   "method": "eth_getTransactionCount",
   >   "params": [
   >     "0xfa99576cbcbe8cf3aebefbc36bffe2122fea1d6d",
   >     "latest"
   >   ],
   >   "internal": true
   > }
[2022/01/22 20:10:18.386] -  <   {
 <     "id": 1624,
 <     "jsonrpc": "2.0",
 <     "result": "0x0"
 <   }
[2022/01/22 20:10:18.389] - eth_getBalance
[2022/01/22 20:10:18.389] -    > {
   >   "jsonrpc": "2.0",
   >   "id": 1625,
   >   "method": "eth_getBalance",
   >   "params": [
   >     "0x09bde2f09a5eb45b10bfb366aecd089f3842b97a",
   >     "latest"
   >   ],
   >   "internal": true
   > }
[2022/01/22 20:10:18.397] -  <   {
 <     "id": 1625,
 <     "jsonrpc": "2.0",
 <     "result": "0x56bc75e2d63100000"
 <   }
[2022/01/22 20:10:18.398] - eth_getTransactionCount
[2022/01/22 20:10:18.399] -    > {
   >   "jsonrpc": "2.0",
   >   "id": 1626,
   >   "method": "eth_getTransactionCount",
   >   "params": [
   >     "0x09bde2f09a5eb45b10bfb366aecd089f3842b97a",
   >     "latest"
   >   ],
   >   "internal": true
   > }
[2022/01/22 20:10:18.407] -  <   {
 <     "id": 1626,
 <     "jsonrpc": "2.0",
 <     "result": "0x0"
 <   }
[2022/01/22 20:10:18.407] - eth_getBalance
[2022/01/22 20:10:18.408] -    > {
   >   "jsonrpc": "2.0",
   >   "id": 1627,
   >   "method": "eth_getBalance",
   >   "params": [
   >     "0xe28ab1d9741e20fd078b6a522f755f89adc03b4d",
   >     "latest"
   >   ],
   >   "internal": true
   > }
[2022/01/22 20:10:18.415] -  <   {
 <     "id": 1627,
 <     "jsonrpc": "2.0",
 <     "result": "0x56bc75e2d63100000"
 <   }
[2022/01/22 20:10:18.416] - eth_getTransactionCount
[2022/01/22 20:10:18.416] -    > {
   >   "jsonrpc": "2.0",
   >   "id": 1628,
   >   "method": "eth_getTransactionCount",
   >   "params": [
   >     "0xe28ab1d9741e20fd078b6a522f755f89adc03b4d",
   >     "latest"
   >   ],
   >   "internal": true
   > }
[2022/01/22 20:10:18.421] -  <   {
 <     "id": 1628,
 <     "jsonrpc": "2.0",
 <     "result": "0x0"
 <   }
[2022/01/22 20:10:18.423] - eth_getBalance
[2022/01/22 20:10:18.424] -    > {
   >   "jsonrpc": "2.0",
   >   "id": 1629,
   >   "method": "eth_getBalance",
   >   "params": [
   >     "0x5b48e6eea443f64d1beb0ae4ef150902a888aac4",
   >     "latest"
   >   ],
   >   "internal": true
   > }
[2022/01/22 20:10:18.431] -  <   {
 <     "id": 1629,
 <     "jsonrpc": "2.0",
 <     "result": "0x56bc75e2d63100000"
 <   }
[2022/01/22 20:10:18.432] - eth_getTransactionCount
[2022/01/22 20:10:18.433] -    > {
   >   "jsonrpc": "2.0",
   >   "id": 1630,
   >   "method": "eth_getTransactionCount",
   >   "params": [
   >     "0x5b48e6eea443f64d1beb0ae4ef150902a888aac4",
   >     "latest"
   >   ],
   >   "internal": true
   > }
[2022/01/22 20:10:18.437] -  <   {
 <     "id": 1630,
 <     "jsonrpc": "2.0",
 <     "result": "0x0"
 <   }
[2022/01/22 20:10:18.438] - eth_getBalance
[2022/01/22 20:10:18.438] -    > {
   >   "jsonrpc": "2.0",
   >   "id": 1631,
   >   "method": "eth_getBalance",
   >   "params": [
   >     "0x523821ce38eb6b5c7d3f24acd234c4d81674d25d",
   >     "latest"
   >   ],
   >   "internal": true
   > }
[2022/01/22 20:10:18.445] -  <   {
 <     "id": 1631,
 <     "jsonrpc": "2.0",
 <     "result": "0x56bc75e2d63100000"
 <   }
[2022/01/22 20:10:18.446] - eth_getTransactionCount
[2022/01/22 20:10:18.446] -    > {
   >   "jsonrpc": "2.0",
   >   "id": 1632,
   >   "method": "eth_getTransactionCount",
   >   "params": [
   >     "0x523821ce38eb6b5c7d3f24acd234c4d81674d25d",
   >     "latest"
   >   ],
   >   "internal": true
   > }
[2022/01/22 20:10:18.453] -  <   {
 <     "id": 1632,
 <     "jsonrpc": "2.0",
 <     "result": "0x0"
 <   }
[2022/01/22 20:10:18.454] - eth_getBalance
[2022/01/22 20:10:18.454] -    > {
   >   "jsonrpc": "2.0",
   >   "id": 1633,
   >   "method": "eth_getBalance",
   >   "params": [
   >     "0xb9bca7a4f07103436f2fdcb0ff9c0dd8e4f4fc37",
   >     "latest"
   >   ],
   >   "internal": true
   > }
[2022/01/22 20:10:18.460] -  <   {
 <     "id": 1633,
 <     "jsonrpc": "2.0",
 <     "result": "0x56bc75e2d63100000"
 <   }
[2022/01/22 20:10:18.461] - eth_getTransactionCount
[2022/01/22 20:10:18.462] -    > {
   >   "jsonrpc": "2.0",
   >   "id": 1634,
   >   "method": "eth_getTransactionCount",
   >   "params": [
   >     "0xb9bca7a4f07103436f2fdcb0ff9c0dd8e4f4fc37",
   >     "latest"
   >   ],
   >   "internal": true
   > }
[2022/01/22 20:10:18.466] -  <   {
 <     "id": 1634,
 <     "jsonrpc": "2.0",
 <     "result": "0x0"
 <   }
[2022/01/22 20:10:18.467] - eth_getBalance
[2022/01/22 20:10:18.467] -    > {
   >   "jsonrpc": "2.0",
   >   "id": 1635,
   >   "method": "eth_getBalance",
   >   "params": [
   >     "0x762a3dea4a00002eba220e2e6da39a195e19fb3b",
   >     "latest"
   >   ],
   >   "internal": true
   > }
[2022/01/22 20:10:18.474] -  <   {
 <     "id": 1635,
 <     "jsonrpc": "2.0",
 <     "result": "0x56bc75e2d63100000"
 <   }
[2022/01/22 20:10:18.475] - eth_getTransactionCount
[2022/01/22 20:10:18.476] -    > {
   >   "jsonrpc": "2.0",
   >   "id": 1636,
   >   "method": "eth_getTransactionCount",
   >   "params": [
   >     "0x762a3dea4a00002eba220e2e6da39a195e19fb3b",
   >     "latest"
   >   ],
   >   "internal": true
   > }
[2022/01/22 20:10:18.481] -  <   {
 <     "id": 1636,
 <     "jsonrpc": "2.0",
 <     "result": "0x0"
 <   }
[2022/01/22 20:10:18.482] - eth_getBalance
[2022/01/22 20:10:18.482] -    > {
   >   "jsonrpc": "2.0",
   >   "id": 1637,
   >   "method": "eth_getBalance",
   >   "params": [
   >     "0xd89e8e91b0556fc482757da1cd4061aa88ee61d6",
   >     "latest"
   >   ],
   >   "internal": true
   > }
[2022/01/22 20:10:18.487] -  <   {
 <     "id": 1637,
 <     "jsonrpc": "2.0",
 <     "result": "0x56bc75e2d63100000"
 <   }
[2022/01/22 20:10:18.488] - eth_getTransactionCount
[2022/01/22 20:10:18.489] -    > {
   >   "jsonrpc": "2.0",
   >   "id": 1638,
   >   "method": "eth_getTransactionCount",
   >   "params": [
   >     "0xd89e8e91b0556fc482757da1cd4061aa88ee61d6",
   >     "latest"
   >   ],
   >   "internal": true
   > }
[2022/01/22 20:10:18.500] -  <   {
 <     "id": 1638,
 <     "jsonrpc": "2.0",
 <     "result": "0x0"
 <   }
[2022/01/22 20:10:18.580] - eth_getBalance
[2022/01/22 20:10:18.580] -    > {
   >   "jsonrpc": "2.0",
   >   "id": 1639,
   >   "method": "eth_getBalance",
   >   "params": [
   >     "0x06b3eab7e4c81935eca292f0c7d0c163cab3187a",
   >     "latest"
   >   ],
   >   "internal": true
   > }
[2022/01/22 20:10:18.587] -  <   {
 <     "id": 1639,
 <     "jsonrpc": "2.0",
 <     "result": "0x56bc75e2d63100000"
 <   }
[2022/01/22 20:10:18.588] - eth_getTransactionCount
[2022/01/22 20:10:18.589] -    > {
   >   "jsonrpc": "2.0",
   >   "id": 1640,
   >   "method": "eth_getTransactionCount",
   >   "params": [
   >     "0x06b3eab7e4c81935eca292f0c7d0c163cab3187a",
   >     "latest"
   >   ],
   >   "internal": true
   > }
[2022/01/22 20:10:18.593] -  <   {
 <     "id": 1640,
 <     "jsonrpc": "2.0",
 <     "result": "0x0"
 <   }
[2022/01/22 20:10:18.597] - eth_getBalance
[2022/01/22 20:10:18.597] -    > {
   >   "jsonrpc": "2.0",
   >   "id": 1641,
   >   "method": "eth_getBalance",
   >   "params": [
   >     "0x1c05e3276991a0016a58c00bb5acfb16dd9e5d02",
   >     "latest"
   >   ],
   >   "internal": true
   > }
[2022/01/22 20:10:18.600] -  <   {
 <     "id": 1641,
 <     "jsonrpc": "2.0",
 <     "result": "0x56bc75e2d63100000"
 <   }
[2022/01/22 20:10:18.601] - eth_getTransactionCount
[2022/01/22 20:10:18.602] -    > {
   >   "jsonrpc": "2.0",
   >   "id": 1642,
   >   "method": "eth_getTransactionCount",
   >   "params": [
   >     "0x1c05e3276991a0016a58c00bb5acfb16dd9e5d02",
   >     "latest"
   >   ],
   >   "internal": true
   > }
[2022/01/22 20:10:18.608] -  <   {
 <     "id": 1642,
 <     "jsonrpc": "2.0",
 <     "result": "0x0"
 <   }
[2022/01/22 20:10:18.609] - eth_getBalance
[2022/01/22 20:10:18.609] -    > {
   >   "jsonrpc": "2.0",
   >   "id": 1643,
   >   "method": "eth_getBalance",
   >   "params": [
   >     "0xfa99576cbcbe8cf3aebefbc36bffe2122fea1d6d",
   >     "latest"
   >   ],
   >   "internal": true
   > }
[2022/01/22 20:10:18.613] -  <   {
 <     "id": 1643,
 <     "jsonrpc": "2.0",
 <     "result": "0x56bc75e2d63100000"
 <   }
[2022/01/22 20:10:18.614] - eth_getTransactionCount
[2022/01/22 20:10:18.614] -    > {
   >   "jsonrpc": "2.0",
   >   "id": 1644,
   >   "method": "eth_getTransactionCount",
   >   "params": [
   >     "0xfa99576cbcbe8cf3aebefbc36bffe2122fea1d6d",
   >     "latest"
   >   ],
   >   "internal": true
   > }
[2022/01/22 20:10:18.622] -  <   {
 <     "id": 1644,
 <     "jsonrpc": "2.0",
 <     "result": "0x0"
 <   }
[2022/01/22 20:10:18.623] - eth_getBalance
[2022/01/22 20:10:18.623] -    > {
   >   "jsonrpc": "2.0",
   >   "id": 1645,
   >   "method": "eth_getBalance",
   >   "params": [
   >     "0x09bde2f09a5eb45b10bfb366aecd089f3842b97a",
   >     "latest"
   >   ],
   >   "internal": true
   > }
[2022/01/22 20:10:18.630] -  <   {
 <     "id": 1645,
 <     "jsonrpc": "2.0",
 <     "result": "0x56bc75e2d63100000"
 <   }
[2022/01/22 20:10:18.630] - eth_getTransactionCount
[2022/01/22 20:10:18.631] -    > {
   >   "jsonrpc": "2.0",
   >   "id": 1646,
   >   "method": "eth_getTransactionCount",
   >   "params": [
   >     "0x09bde2f09a5eb45b10bfb366aecd089f3842b97a",
   >     "latest"
   >   ],
   >   "internal": true
   > }
[2022/01/22 20:10:18.637] -  <   {
 <     "id": 1646,
 <     "jsonrpc": "2.0",
 <     "result": "0x0"
 <   }
[2022/01/22 20:10:18.638] - eth_getBalance
[2022/01/22 20:10:18.638] -    > {
   >   "jsonrpc": "2.0",
   >   "id": 1647,
   >   "method": "eth_getBalance",
   >   "params": [
   >     "0xe28ab1d9741e20fd078b6a522f755f89adc03b4d",
   >     "latest"
   >   ],
   >   "internal": true
   > }
[2022/01/22 20:10:18.644] -  <   {
 <     "id": 1647,
 <     "jsonrpc": "2.0",
 <     "result": "0x56bc75e2d63100000"
 <   }
[2022/01/22 20:10:18.644] - eth_getTransactionCount
[2022/01/22 20:10:18.645] -    > {
   >   "jsonrpc": "2.0",
   >   "id": 1648,
   >   "method": "eth_getTransactionCount",
   >   "params": [
   >     "0xe28ab1d9741e20fd078b6a522f755f89adc03b4d",
   >     "latest"
   >   ],
   >   "internal": true
   > }
[2022/01/22 20:10:18.649] -  <   {
 <     "id": 1648,
 <     "jsonrpc": "2.0",
 <     "result": "0x0"
 <   }
[2022/01/22 20:10:18.650] - eth_getBalance
[2022/01/22 20:10:18.651] -    > {
   >   "jsonrpc": "2.0",
   >   "id": 1649,
   >   "method": "eth_getBalance",
   >   "params": [
   >     "0x5b48e6eea443f64d1beb0ae4ef150902a888aac4",
   >     "latest"
   >   ],
   >   "internal": true
   > }
[2022/01/22 20:10:18.656] -  <   {
 <     "id": 1649,
 <     "jsonrpc": "2.0",
 <     "result": "0x56bc75e2d63100000"
 <   }
[2022/01/22 20:10:18.656] - eth_getTransactionCount
[2022/01/22 20:10:18.657] -    > {
   >   "jsonrpc": "2.0",
   >   "id": 1650,
   >   "method": "eth_getTransactionCount",
   >   "params": [
   >     "0x5b48e6eea443f64d1beb0ae4ef150902a888aac4",
   >     "latest"
   >   ],
   >   "internal": true
   > }
[2022/01/22 20:10:18.664] -  <   {
 <     "id": 1650,
 <     "jsonrpc": "2.0",
 <     "result": "0x0"
 <   }
[2022/01/22 20:10:18.664] - eth_getBalance
[2022/01/22 20:10:18.665] -    > {
   >   "jsonrpc": "2.0",
   >   "id": 1651,
   >   "method": "eth_getBalance",
   >   "params": [
   >     "0x523821ce38eb6b5c7d3f24acd234c4d81674d25d",
   >     "latest"
   >   ],
   >   "internal": true
   > }
[2022/01/22 20:10:18.669] -  <   {
 <     "id": 1651,
 <     "jsonrpc": "2.0",
 <     "result": "0x56bc75e2d63100000"
 <   }
[2022/01/22 20:10:18.670] - eth_getTransactionCount
[2022/01/22 20:10:18.671] -    > {
   >   "jsonrpc": "2.0",
   >   "id": 1652,
   >   "method": "eth_getTransactionCount",
   >   "params": [
   >     "0x523821ce38eb6b5c7d3f24acd234c4d81674d25d",
   >     "latest"
   >   ],
   >   "internal": true
   > }
[2022/01/22 20:10:18.679] -  <   {
 <     "id": 1652,
 <     "jsonrpc": "2.0",
 <     "result": "0x0"
 <   }
[2022/01/22 20:10:18.681] - eth_getBalance
[2022/01/22 20:10:18.682] -    > {
   >   "jsonrpc": "2.0",
   >   "id": 1653,
   >   "method": "eth_getBalance",
   >   "params": [
   >     "0xb9bca7a4f07103436f2fdcb0ff9c0dd8e4f4fc37",
   >     "latest"
   >   ],
   >   "internal": true
   > }
[2022/01/22 20:10:18.687] -  <   {
 <     "id": 1653,
 <     "jsonrpc": "2.0",
 <     "result": "0x56bc75e2d63100000"
 <   }
[2022/01/22 20:10:18.688] - eth_getTransactionCount
[2022/01/22 20:10:18.688] -    > {
   >   "jsonrpc": "2.0",
   >   "id": 1654,
   >   "method": "eth_getTransactionCount",
   >   "params": [
   >     "0xb9bca7a4f07103436f2fdcb0ff9c0dd8e4f4fc37",
   >     "latest"
   >   ],
   >   "internal": true
   > }
[2022/01/22 20:10:18.697] -  <   {
 <     "id": 1654,
 <     "jsonrpc": "2.0",
 <     "result": "0x0"
 <   }
[2022/01/22 20:10:18.698] - eth_getBalance
[2022/01/22 20:10:18.698] -    > {
   >   "jsonrpc": "2.0",
   >   "id": 1655,
   >   "method": "eth_getBalance",
   >   "params": [
   >     "0x762a3dea4a00002eba220e2e6da39a195e19fb3b",
   >     "latest"
   >   ],
   >   "internal": true
   > }
[2022/01/22 20:10:18.703] -  <   {
 <     "id": 1655,
 <     "jsonrpc": "2.0",
 <     "result": "0x56bc75e2d63100000"
 <   }
[2022/01/22 20:10:18.719] - eth_getTransactionCount
[2022/01/22 20:10:18.720] -    > {
   >   "jsonrpc": "2.0",
   >   "id": 1656,
   >   "method": "eth_getTransactionCount",
   >   "params": [
   >     "0x762a3dea4a00002eba220e2e6da39a195e19fb3b",
   >     "latest"
   >   ],
   >   "internal": true
   > }
[2022/01/22 20:10:18.727] -  <   {
 <     "id": 1656,
 <     "jsonrpc": "2.0",
 <     "result": "0x0"
 <   }
[2022/01/22 20:10:18.728] - eth_getBalance
[2022/01/22 20:10:18.728] -    > {
   >   "jsonrpc": "2.0",
   >   "id": 1657,
   >   "method": "eth_getBalance",
   >   "params": [
   >     "0xd89e8e91b0556fc482757da1cd4061aa88ee61d6",
   >     "latest"
   >   ],
   >   "internal": true
   > }
[2022/01/22 20:10:18.735] -  <   {
 <     "id": 1657,
 <     "jsonrpc": "2.0",
 <     "result": "0x56bc75e2d63100000"
 <   }
[2022/01/22 20:10:18.736] - eth_getTransactionCount
[2022/01/22 20:10:18.737] -    > {
   >   "jsonrpc": "2.0",
   >   "id": 1658,
   >   "method": "eth_getTransactionCount",
   >   "params": [
   >     "0xd89e8e91b0556fc482757da1cd4061aa88ee61d6",
   >     "latest"
   >   ],
   >   "internal": true
   > }
[2022/01/22 20:10:18.751] -  <   {
 <     "id": 1658,
 <     "jsonrpc": "2.0",
 <     "result": "0x0"
 <   }
[2022/01/22 20:10:23.040] - eth_getBlockByNumber
[2022/01/22 20:10:23.041] -    > {
   >   "jsonrpc": "2.0",
   >   "id": 1659,
   >   "method": "eth_getBlockByNumber",
   >   "params": [
   >     "0x0",
   >     false
   >   ],
   >   "internal": true
   > }
[2022/01/22 20:10:23.055] -  <   {
 <     "id": 1659,
 <     "jsonrpc": "2.0",
 <     "result": {
 <       "number": "0x0",
 <       "hash": "0x8f3eb8cd052b757ddf4be45257b9d76e1475d4ba6035c7d4d3272d3d3834cbae",
 <       "parentHash": "0x0000000000000000000000000000000000000000000000000000000000000000",
 <       "mixHash": "0x0000000000000000000000000000000000000000000000000000000000000000",
 <       "nonce": "0x0000000000000000",
 <       "sha3Uncles": "0x1dcc4de8dec75d7aab85b567b6ccd41ad312451b948a7413f0a142fd40d49347",
 <       "logsBloom": "0x00000000000000000000000000000000000000000000000000000000000000000000000000000000000000000000000000000000000000000000000000000000000000000000000000000000000000000000000000000000000000000000000000000000000000000000000000000000000000000000000000000000000000000000000000000000000000000000000000000000000000000000000000000000000000000000000000000000000000000000000000000000000000000000000000000000000000000000000000000000000000000000000000000000000000000000000000000000000000000000000000000000000000000000000000000000",
 <       "transactionsRoot": "0x56e81f171bcc55a6ff8345e692c0f86e5b48e01b996cadc001622fb5e363b421",
 <       "stateRoot": "0xfd547eff3150ba1cd3fc0230e56c619a3e639117ab04ea09fe80e2b9d501728f",
 <       "receiptsRoot": "0x56e81f171bcc55a6ff8345e692c0f86e5b48e01b996cadc001622fb5e363b421",
 <       "miner": "0x0000000000000000000000000000000000000000",
 <       "difficulty": "0x0",
 <       "totalDifficulty": "0x0",
 <       "extraData": "0x",
 <       "size": "0x3e8",
 <       "gasLimit": "0x6691b7",
 <       "gasUsed": "0x0",
 <       "timestamp": "0x61ec4854",
 <       "transactions": [],
 <       "uncles": []
 <     }
 <   }
[2022/01/22 20:10:23.065] - eth_getBlockTransactionCountByHash
[2022/01/22 20:10:23.066] -    > {
   >   "jsonrpc": "2.0",
   >   "id": 1660,
   >   "method": "eth_getBlockTransactionCountByHash",
   >   "params": [
   >     "0x8f3eb8cd052b757ddf4be45257b9d76e1475d4ba6035c7d4d3272d3d3834cbae"
   >   ],
   >   "internal": true
   > }
[2022/01/22 20:10:23.087] -  <   {
 <     "id": 1660,
 <     "jsonrpc": "2.0",
 <     "result": "0x0"
 <   }
[2022/01/22 20:10:27.575] - eth_getBlockByNumber
[2022/01/22 20:10:27.575] -    > {
   >   "jsonrpc": "2.0",
   >   "id": 1661,
   >   "method": "eth_getBlockByNumber",
   >   "params": [
   >     "0x0",
   >     true
   >   ],
   >   "internal": true
   > }
[2022/01/22 20:10:27.580] -  <   {
 <     "id": 1661,
 <     "jsonrpc": "2.0",
 <     "result": {
 <       "number": "0x0",
 <       "hash": "0x8f3eb8cd052b757ddf4be45257b9d76e1475d4ba6035c7d4d3272d3d3834cbae",
 <       "parentHash": "0x0000000000000000000000000000000000000000000000000000000000000000",
 <       "mixHash": "0x0000000000000000000000000000000000000000000000000000000000000000",
 <       "nonce": "0x0000000000000000",
 <       "sha3Uncles": "0x1dcc4de8dec75d7aab85b567b6ccd41ad312451b948a7413f0a142fd40d49347",
 <       "logsBloom": "0x00000000000000000000000000000000000000000000000000000000000000000000000000000000000000000000000000000000000000000000000000000000000000000000000000000000000000000000000000000000000000000000000000000000000000000000000000000000000000000000000000000000000000000000000000000000000000000000000000000000000000000000000000000000000000000000000000000000000000000000000000000000000000000000000000000000000000000000000000000000000000000000000000000000000000000000000000000000000000000000000000000000000000000000000000000000",
 <       "transactionsRoot": "0x56e81f171bcc55a6ff8345e692c0f86e5b48e01b996cadc001622fb5e363b421",
 <       "stateRoot": "0xfd547eff3150ba1cd3fc0230e56c619a3e639117ab04ea09fe80e2b9d501728f",
 <       "receiptsRoot": "0x56e81f171bcc55a6ff8345e692c0f86e5b48e01b996cadc001622fb5e363b421",
 <       "miner": "0x0000000000000000000000000000000000000000",
 <       "difficulty": "0x0",
 <       "totalDifficulty": "0x0",
 <       "extraData": "0x",
 <       "size": "0x3e8",
 <       "gasLimit": "0x6691b7",
 <       "gasUsed": "0x0",
 <       "timestamp": "0x61ec4854",
 <       "transactions": [],
 <       "uncles": []
 <     }
 <   }
[2022/01/22 20:10:36.289] - eth_getLogs
[2022/01/22 20:10:36.290] -    > {
   >   "jsonrpc": "2.0",
   >   "id": 1663,
   >   "method": "eth_getLogs",
   >   "params": [
   >     {
   >       "fromBlock": "0x0",
   >       "toBlock": "0x0",
   >       "topics": []
   >     }
   >   ],
   >   "internal": true
   > }
[2022/01/22 20:10:36.300] -  <   {
 <     "id": 1663,
 <     "jsonrpc": "2.0",
 <     "result": []
 <   }
